time="2023-05-08T16:12:50+04:00" level=info msg="Creating router" func="main.main()" file="app.go:16"
time="2023-05-08T16:12:50+04:00" level=info msg="Creating router" func="main.main()" file="app.go:16"
time="2023-05-08T16:12:50+04:00" level=info msg="register user handler" func="main.main()" file="app.go:19"
time="2023-05-08T16:12:50+04:00" level=info msg="register user handler" func="main.main()" file="app.go:19"
time="2023-05-08T16:13:08+04:00" level=info msg="Creating router" func="main.main()" file="app.go:16"
time="2023-05-08T16:13:08+04:00" level=info msg="Creating router" func="main.main()" file="app.go:16"
time="2023-05-08T16:13:08+04:00" level=info msg="register user handler" func="main.main()" file="app.go:19"
time="2023-05-08T16:13:08+04:00" level=info msg="register user handler" func="main.main()" file="app.go:19"
time="2023-05-08T16:13:38+04:00" level=info msg="Creating router" func="main.main()" file="app.go:15"
time="2023-05-08T16:13:38+04:00" level=info msg="Creating router" func="main.main()" file="app.go:15"
time="2023-05-08T16:13:38+04:00" level=info msg="register user handler" func="main.main()" file="app.go:18"
time="2023-05-08T16:13:38+04:00" level=info msg="register user handler" func="main.main()" file="app.go:18"
time="2023-05-17T16:20:31+04:00" level=info msg="Creating router" func="main.main()" file="app.go:15"
time="2023-05-17T16:20:31+04:00" level=info msg="Creating router" func="main.main()" file="app.go:15"
time="2023-05-17T16:20:31+04:00" level=info msg="register user handler" func="main.main()" file="app.go:18"
time="2023-05-17T16:20:31+04:00" level=info msg="register user handler" func="main.main()" file="app.go:18"
time="2023-05-19T16:32:15+04:00" level=info msg="Creating router" func="main.main()" file="app.go:15"
time="2023-05-19T16:32:15+04:00" level=info msg="Creating router" func="main.main()" file="app.go:15"
time="2023-05-19T16:32:15+04:00" level=info msg="register user handler" func="main.main()" file="app.go:18"
time="2023-05-19T16:32:15+04:00" level=info msg="register user handler" func="main.main()" file="app.go:18"
time="2023-05-19T16:38:21+04:00" level=info msg="Creating router" func="main.main()" file="app.go:15"
time="2023-05-19T16:38:21+04:00" level=info msg="Creating router" func="main.main()" file="app.go:15"
time="2023-05-19T16:38:21+04:00" level=info msg="register user handler" func="main.main()" file="app.go:18"
time="2023-05-19T16:38:21+04:00" level=info msg="register user handler" func="main.main()" file="app.go:18"
time="2023-05-19T16:38:56+04:00" level=info msg="Creating router" func="main.main()" file="app.go:15"
time="2023-05-19T16:38:56+04:00" level=info msg="Creating router" func="main.main()" file="app.go:15"
time="2023-05-19T16:39:04+04:00" level=info msg="register user handler" func="main.main()" file="app.go:18"
time="2023-05-19T16:39:04+04:00" level=info msg="register user handler" func="main.main()" file="app.go:18"
time="2023-05-19T16:39:25+04:00" level=info msg="Creating router" func="main.main()" file="app.go:15"
time="2023-05-19T16:39:25+04:00" level=info msg="Creating router" func="main.main()" file="app.go:15"
time="2023-05-19T16:39:29+04:00" level=info msg="register user handler" func="main.main()" file="app.go:18"
time="2023-05-19T16:39:29+04:00" level=info msg="register user handler" func="main.main()" file="app.go:18"
time="2023-05-19T16:41:18+04:00" level=info msg="Creating router" func="main.main()" file="app.go:15"
time="2023-05-19T16:41:18+04:00" level=info msg="Creating router" func="main.main()" file="app.go:15"
time="2023-05-19T16:41:22+04:00" level=info msg="register user handler" func="main.main()" file="app.go:18"
time="2023-05-19T16:41:22+04:00" level=info msg="register user handler" func="main.main()" file="app.go:18"
time="2023-05-19T16:44:46+04:00" level=info msg="Creating router" func="main.main()" file="app.go:15"
time="2023-05-19T16:44:46+04:00" level=info msg="register user handler" func="main.main()" file="app.go:18"
time="2023-05-19T16:47:53+04:00" level=info msg="Creating router" func="main.main()" file="app.go:15"
time="2023-05-19T16:47:53+04:00" level=info msg="register user handler" func="main.main()" file="app.go:18"
time="2023-05-19T16:48:43+04:00" level=info msg="Creating router" func="main.main()" file="app.go:14"
time="2023-05-19T16:48:43+04:00" level=info msg="register user handler" func="main.main()" file="app.go:17"
time="2023-05-19T16:48:43+04:00" level=info msg="start application" func="main.start()" file="app.go:26"
time="2023-05-19T16:48:43+04:00" level=info msg="server is listening port 0.0.0.0:1234" func="main.start()" file="app.go:38"
time="2023-05-19T17:34:04+04:00" level=info msg="Creating router" func="main.main()" file="app.go:14"
time="2023-05-19T17:34:04+04:00" level=info msg="register user handler" func="main.main()" file="app.go:17"
time="2023-05-19T17:34:04+04:00" level=info msg="start application" func="main.start()" file="app.go:27"
time="2023-05-19T17:34:04+04:00" level=info msg="server is listening port 0.0.0.0:1234" func="main.start()" file="app.go:39"
time="2023-05-19T17:37:19+04:00" level=info msg="Creating router" func="main.main()" file="app.go:14"
time="2023-05-19T17:37:19+04:00" level=info msg="register user handler" func="main.main()" file="app.go:17"
time="2023-05-19T17:37:19+04:00" level=info msg="start application" func="main.start()" file="app.go:27"
time="2023-05-19T17:37:19+04:00" level=info msg="server is listening port 0.0.0.0:1234" func="main.start()" file="app.go:39"
time="2023-05-19T17:46:55+04:00" level=info msg="Creating router" func="main.main()" file="app.go:19"
time="2023-05-19T17:46:55+04:00" level=info msg="read application configuration" func="rest-api-project/internal/config.GetConfig.func1()" file="config.go:24"
time="2023-05-19T17:46:55+04:00" level=info msg="register user handler" func="main.main()" file="app.go:24"
time="2023-05-19T17:46:55+04:00" level=info msg="start application" func="main.start()" file="app.go:33"
time="2023-05-19T17:46:55+04:00" level=info msg="listen tcp" func="main.start()" file="app.go:50"
time="2023-05-19T17:46:55+04:00" level=info msg="server is listening port 127.0.0.1,10000" func="main.start()" file="app.go:63"
time="2023-05-19T17:47:06+04:00" level=info msg="Creating router" func="main.main()" file="app.go:19"
time="2023-05-19T17:47:06+04:00" level=info msg="read application configuration" func="rest-api-project/internal/config.GetConfig.func1()" file="config.go:24"
time="2023-05-19T17:47:06+04:00" level=info msg="register user handler" func="main.main()" file="app.go:24"
time="2023-05-19T17:47:06+04:00" level=info msg="start application" func="main.start()" file="app.go:33"
time="2023-05-19T17:47:06+04:00" level=info msg="listen tcp" func="main.start()" file="app.go:50"
time="2023-05-19T17:47:06+04:00" level=info msg="server is listening port 127.0.0.1:10000" func="main.start()" file="app.go:63"
time="2023-05-19T17:47:28+04:00" level=info msg="Creating router" func="main.main()" file="app.go:19"
time="2023-05-19T17:47:28+04:00" level=info msg="read application configuration" func="rest-api-project/internal/config.GetConfig.func1()" file="config.go:24"
time="2023-05-19T17:47:28+04:00" level=info msg="register user handler" func="main.main()" file="app.go:24"
time="2023-05-19T17:47:28+04:00" level=info msg="start application" func="main.start()" file="app.go:33"
time="2023-05-19T17:47:28+04:00" level=info msg="listen tcp" func="main.start()" file="app.go:50"
time="2023-05-19T17:47:28+04:00" level=info msg="server is listening port 127.0.0.1:10000" func="main.start()" file="app.go:63"
time="2023-05-19T17:48:13+04:00" level=info msg="Creating router" func="main.main()" file="app.go:19"
time="2023-05-19T17:48:13+04:00" level=info msg="read application configuration" func="rest-api-project/internal/config.GetConfig.func1()" file="config.go:24"
time="2023-05-19T17:48:13+04:00" level=info msg="register user handler" func="main.main()" file="app.go:24"
time="2023-05-19T17:48:13+04:00" level=info msg="start application" func="main.start()" file="app.go:33"
time="2023-05-19T17:48:13+04:00" level=info msg="create socket" func="main.start()" file="app.go:43"
time="2023-05-19T17:48:13+04:00" level=debug msg="socket path:/Users/sarasti/Desktop/CV/rest-api-project/build/app.sock" func="main.start()" file="app.go:45"
time="2023-05-19T17:48:13+04:00" level=info msg="create unix socket" func="main.start()" file="app.go:47"
time="2023-05-19T17:48:13+04:00" level=fatal msg="listen unix /Users/sarasti/Desktop/CV/rest-api-project/build/app.sock: bind: address already in use" func="main.start()" file="app.go:55"
time="2023-05-19T17:49:40+04:00" level=info msg="Creating router" func="main.main()" file="app.go:19"
time="2023-05-19T17:49:40+04:00" level=info msg="read application configuration" func="rest-api-project/internal/config.GetConfig.func1()" file="config.go:24"
time="2023-05-19T17:49:40+04:00" level=info msg="register user handler" func="main.main()" file="app.go:24"
time="2023-05-19T17:49:40+04:00" level=info msg="start application" func="main.start()" file="app.go:33"
time="2023-05-19T17:49:40+04:00" level=info msg="create socket" func="main.start()" file="app.go:43"
time="2023-05-19T17:49:40+04:00" level=debug msg="socket path:/Users/sarasti/Desktop/CV/rest-api-project/build/app.sock" func="main.start()" file="app.go:45"
time="2023-05-19T17:49:40+04:00" level=info msg="create unix socket" func="main.start()" file="app.go:47"
time="2023-05-19T17:49:40+04:00" level=fatal msg="listen unix /Users/sarasti/Desktop/CV/rest-api-project/build/app.sock: bind: address already in use" func="main.start()" file="app.go:55"
time="2023-05-19T17:50:45+04:00" level=info msg="Creating router" func="main.main()" file="app.go:19"
time="2023-05-19T17:50:45+04:00" level=info msg="read application configuration" func="rest-api-project/internal/config.GetConfig.func1()" file="config.go:24"
time="2023-05-19T17:50:45+04:00" level=info msg="register user handler" func="main.main()" file="app.go:24"
time="2023-05-19T17:50:45+04:00" level=info msg="start application" func="main.start()" file="app.go:33"
time="2023-05-19T17:50:45+04:00" level=info msg="create socket" func="main.start()" file="app.go:43"
time="2023-05-19T17:50:45+04:00" level=debug msg="socket path:/Users/sarasti/Desktop/CV/rest-api-project/build/app.sock" func="main.start()" file="app.go:45"
time="2023-05-19T17:50:45+04:00" level=info msg="create unix socket" func="main.start()" file="app.go:47"
time="2023-05-19T17:50:45+04:00" level=fatal msg="listen unix /Users/sarasti/Desktop/CV/rest-api-project/build/app.sock: bind: address already in use" func="main.start()" file="app.go:57"
time="2023-05-19T17:51:10+04:00" level=info msg="Creating router" func="main.main()" file="app.go:19"
time="2023-05-19T17:51:10+04:00" level=info msg="read application configuration" func="rest-api-project/internal/config.GetConfig.func1()" file="config.go:24"
time="2023-05-19T17:51:10+04:00" level=info msg="register user handler" func="main.main()" file="app.go:24"
time="2023-05-19T17:51:10+04:00" level=info msg="start application" func="main.start()" file="app.go:33"
time="2023-05-19T17:51:10+04:00" level=info msg="create socket" func="main.start()" file="app.go:43"
time="2023-05-19T17:51:10+04:00" level=debug msg="socket path:/Users/sarasti/Desktop/CV/rest-api-project/build/app.sock" func="main.start()" file="app.go:45"
time="2023-05-19T17:51:10+04:00" level=info msg="create unix socket" func="main.start()" file="app.go:47"
time="2023-05-19T17:51:10+04:00" level=fatal msg="listen unix /Users/sarasti/Desktop/CV/rest-api-project/build/app.sock: bind: address already in use" func="main.start()" file="app.go:57"
time="2023-05-19T17:55:45+04:00" level=info msg="Creating router" func="main.main()" file="app.go:19"
time="2023-05-19T17:55:45+04:00" level=info msg="read application configuration" func="rest-api-project/internal/config.GetConfig.func1()" file="config.go:24"
time="2023-05-19T17:55:45+04:00" level=info msg="register user handler" func="main.main()" file="app.go:24"
time="2023-05-19T17:55:45+04:00" level=info msg="start application" func="main.start()" file="app.go:33"
time="2023-05-19T17:55:45+04:00" level=info msg="create socket" func="main.start()" file="app.go:43"
time="2023-05-19T17:55:45+04:00" level=debug msg="socket path:/Users/sarasti/Desktop/CV/rest-api-project/build/app.sock" func="main.start()" file="app.go:45"
time="2023-05-19T17:55:45+04:00" level=info msg="create unix socket" func="main.start()" file="app.go:47"
time="2023-05-19T17:55:45+04:00" level=info msg="server is listening unix socket:/Users/sarasti/Desktop/CV/rest-api-project/build/app.sock" func="main.start()" file="app.go:49"
time="2023-05-19T17:55:45+04:00" level=fatal msg="listen unix /Users/sarasti/Desktop/CV/rest-api-project/build/app.sock: bind: address already in use" func="main.start()" file="app.go:59"
time="2023-05-19T17:55:53+04:00" level=info msg="Creating router" func="main.main()" file="app.go:19"
time="2023-05-19T17:55:53+04:00" level=info msg="read application configuration" func="rest-api-project/internal/config.GetConfig.func1()" file="config.go:24"
time="2023-05-19T17:55:53+04:00" level=info msg="register user handler" func="main.main()" file="app.go:24"
time="2023-05-19T17:55:53+04:00" level=info msg="start application" func="main.start()" file="app.go:33"
time="2023-05-19T17:55:53+04:00" level=info msg="create socket" func="main.start()" file="app.go:43"
time="2023-05-19T17:55:53+04:00" level=debug msg="socket path:/Users/sarasti/Desktop/CV/rest-api-project/build/app.sock" func="main.start()" file="app.go:45"
time="2023-05-19T17:55:53+04:00" level=info msg="create unix socket" func="main.start()" file="app.go:47"
time="2023-05-19T17:55:53+04:00" level=info msg="server is listening unix socket:/Users/sarasti/Desktop/CV/rest-api-project/build/app.sock" func="main.start()" file="app.go:49"
